<?xml version="1.0" encoding="UTF-8"?>
<!-- Generated by org.testng.reporters.JUnitReportReporter -->
<testsuite hostname="QA-Tarun" name="org.graphwalker.SampleTest1" tests="1" failures="0" timestamp="6 Apr 2018 06:49:57 GMT" time="51.621" errors="0">
  <testcase name="runFuncTest" time="51.621" classname="org.graphwalker.SampleTest1"/>
</testsuite> <!-- org.graphwalker.SampleTest1 -->
